  0:00 ------------------------------------------------------------
  0:00 InitGame: \com_maxclients\6\g_gametype\zclassic\g_randomSeed\0\gamename\PT6ZM\mapname\zm_tomb\playlist_enabled\0\playlist_entry\0\protocol\2089\scr_team_fftype\1\shortversion\1\sv_allowAimAssist\1\sv_allowAnonymous\0\sv_clientFpsLimit\200\sv_disableClientConsole\0\sv_hostname\BlackOpsPublic\sv_maxclients\6\sv_maxPing\0\sv_minPing\0\sv_privateClients\0\sv_privateClientsForClients\0\sv_pure\0\sv_voice\0
  0:00 InitGame: \com_maxclients\6\g_gametype\zclassic\g_randomSeed\0\gamename\PT6ZM\mapname\zm_tomb\playlist_enabled\0\playlist_entry\0\protocol\2089\scr_team_fftype\1\shortversion\1\sv_allowAimAssist\1\sv_allowAnonymous\0\sv_clientFpsLimit\200\sv_disableClientConsole\0\sv_hostname\BlackOpsPublic\sv_maxclients\6\sv_maxPing\0\sv_minPing\0\sv_privateClients\0\sv_privateClientsForClients\0\sv_pure\0\sv_voice\0\g_logTimeStampInSeconds\0
  0:00 ------------------------------------------------------------
  0:00 InitGame: \com_maxclients\6\g_gametype\zclassic\g_randomSeed\0\gamename\PT6ZM\mapname\zm_tomb\playlist_enabled\0\playlist_entry\0\protocol\2089\scr_team_fftype\1\shortversion\1\sv_allowAimAssist\1\sv_allowAnonymous\0\sv_clientFpsLimit\200\sv_disableClientConsole\0\sv_hostname\BlackOpsPublic\sv_maxclients\6\sv_maxPing\0\sv_minPing\0\sv_privateClients\0\sv_privateClientsForClients\0\sv_pure\0\sv_voice\0
  0:00 InitGame: \com_maxclients\6\g_gametype\zclassic\g_randomSeed\0\gamename\PT6ZM\mapname\zm_tomb\playlist_enabled\0\playlist_entry\0\protocol\2089\scr_team_fftype\1\shortversion\1\sv_allowAimAssist\1\sv_allowAnonymous\0\sv_clientFpsLimit\200\sv_disableClientConsole\0\sv_hostname\BlackOpsPublic\sv_maxclients\6\sv_maxPing\0\sv_minPing\0\sv_privateClients\0\sv_privateClientsForClients\0\sv_pure\0\sv_voice\0\g_logTimeStampInSeconds\0
  0:39 J;5567317;0;erfanBokonSaeed
  1:02 J;5560709;1;saeed0920
  1:12 Q;5567317;0;erfanBokonSaeed
  1:34 ExitLevel: executed
  1:34 ShutdownGame:
  1:34 ------------------------------------------------------------
  1:34 ------------------------------------------------------------
  1:34 InitGame: \com_maxclients\6\g_gametype\zclassic\g_randomSeed\0\gamename\PT6ZM\mapname\zm_tomb\playlist_enabled\0\playlist_entry\0\protocol\2089\scr_team_fftype\1\shortversion\1\sv_allowAimAssist\1\sv_allowAnonymous\0\sv_clientFpsLimit\200\sv_disableClientConsole\0\sv_hostname\BlackOpsPublic\sv_maxclients\6\sv_maxPing\0\sv_minPing\0\sv_privateClients\0\sv_privateClientsForClients\0\sv_pure\0\sv_voice\0
  1:34 InitGame: \com_maxclients\6\g_gametype\zclassic\g_randomSeed\0\gamename\PT6ZM\mapname\zm_tomb\playlist_enabled\0\playlist_entry\0\protocol\2089\scr_team_fftype\1\shortversion\1\sv_allowAimAssist\1\sv_allowAnonymous\0\sv_clientFpsLimit\200\sv_disableClientConsole\0\sv_hostname\BlackOpsPublic\sv_maxclients\6\sv_maxPing\0\sv_minPing\0\sv_privateClients\0\sv_privateClientsForClients\0\sv_pure\0\sv_voice\0\g_logTimeStampInSeconds\0
  1:40 J;5560709;1;saeed0920
  1:58 Q;5560709;1;saeed0920
  2:20 ExitLevel: executed
  2:20 ShutdownGame:
  2:20 ------------------------------------------------------------
  2:20 ------------------------------------------------------------
  2:20 InitGame: \com_maxclients\6\g_gametype\zclassic\g_randomSeed\0\gamename\PT6ZM\mapname\zm_tomb\playlist_enabled\0\playlist_entry\0\protocol\2089\scr_team_fftype\1\shortversion\1\sv_allowAimAssist\1\sv_allowAnonymous\0\sv_clientFpsLimit\200\sv_disableClientConsole\0\sv_hostname\BlackOpsPublic\sv_maxclients\6\sv_maxPing\0\sv_minPing\0\sv_privateClients\0\sv_privateClientsForClients\0\sv_pure\0\sv_voice\0
  2:20 InitGame: \com_maxclients\6\g_gametype\zclassic\g_randomSeed\0\gamename\PT6ZM\mapname\zm_tomb\playlist_enabled\0\playlist_entry\0\protocol\2089\scr_team_fftype\1\shortversion\1\sv_allowAimAssist\1\sv_allowAnonymous\0\sv_clientFpsLimit\200\sv_disableClientConsole\0\sv_hostname\BlackOpsPublic\sv_maxclients\6\sv_maxPing\0\sv_minPing\0\sv_privateClients\0\sv_privateClientsForClients\0\sv_pure\0\sv_voice\0\g_logTimeStampInSeconds\0
  0:00 ------------------------------------------------------------
  0:00 InitGame: \com_maxclients\6\g_gametype\zclassic\g_randomSeed\0\gamename\PT6ZM\mapname\zm_tomb\playlist_enabled\0\playlist_entry\0\protocol\2089\scr_team_fftype\1\shortversion\1\sv_allowAimAssist\1\sv_allowAnonymous\0\sv_clientFpsLimit\200\sv_disableClientConsole\0\sv_hostname\BlackOpsPublic\sv_maxclients\6\sv_maxPing\0\sv_minPing\0\sv_privateClients\0\sv_privateClientsForClients\0\sv_pure\0\sv_voice\0
  0:00 InitGame: \com_maxclients\6\g_gametype\zclassic\g_randomSeed\0\gamename\PT6ZM\mapname\zm_tomb\playlist_enabled\0\playlist_entry\0\protocol\2089\scr_team_fftype\1\shortversion\1\sv_allowAimAssist\1\sv_allowAnonymous\0\sv_clientFpsLimit\200\sv_disableClientConsole\0\sv_hostname\BlackOpsPublic\sv_maxclients\6\sv_maxPing\0\sv_minPing\0\sv_privateClients\0\sv_privateClientsForClients\0\sv_pure\0\sv_voice\0\g_logTimeStampInSeconds\0
  0:23 J;5567317;0;erfanBokonSaeed
  0:46 J;5560709;1;saeed0920
  6:19 J;5621372;2;Agha kian
 17:13 ExitLevel: executed
 17:13 ShutdownGame:
 17:13 ------------------------------------------------------------
 17:13 ------------------------------------------------------------
 17:13 InitGame: \com_maxclients\6\g_gametype\zclassic\g_randomSeed\0\gamename\PT6ZM\mapname\zm_tomb\playlist_enabled\0\playlist_entry\0\protocol\2089\scr_team_fftype\1\shortversion\1\sv_allowAimAssist\1\sv_allowAnonymous\0\sv_clientFpsLimit\200\sv_disableClientConsole\0\sv_hostname\BlackOpsPublic\sv_maxclients\6\sv_maxPing\0\sv_minPing\0\sv_privateClients\0\sv_privateClientsForClients\0\sv_pure\0\sv_voice\0
 17:13 InitGame: \com_maxclients\6\g_gametype\zclassic\g_randomSeed\0\gamename\PT6ZM\mapname\zm_tomb\playlist_enabled\0\playlist_entry\0\protocol\2089\scr_team_fftype\1\shortversion\1\sv_allowAimAssist\1\sv_allowAnonymous\0\sv_clientFpsLimit\200\sv_disableClientConsole\0\sv_hostname\BlackOpsPublic\sv_maxclients\6\sv_maxPing\0\sv_minPing\0\sv_privateClients\0\sv_privateClientsForClients\0\sv_pure\0\sv_voice\0\g_logTimeStampInSeconds\0
 17:18 J;5560709;1;saeed0920
 17:19 J;5621372;2;Agha kian
 17:29 J;5567317;0;erfanBokonSaeed
 17:57 Q;5567317;0;erfanBokonSaeed
 19:31 Q;5621372;2;Agha kian
 19:40 Q;5560709;1;saeed0920
 20:02 ExitLevel: executed
 20:02 ShutdownGame:
 20:02 ------------------------------------------------------------
 20:02 ------------------------------------------------------------
 20:02 InitGame: \com_maxclients\6\g_gametype\zclassic\g_randomSeed\0\gamename\PT6ZM\mapname\zm_tomb\playlist_enabled\0\playlist_entry\0\protocol\2089\scr_team_fftype\1\shortversion\1\sv_allowAimAssist\1\sv_allowAnonymous\0\sv_clientFpsLimit\200\sv_disableClientConsole\0\sv_hostname\BlackOpsPublic\sv_maxclients\6\sv_maxPing\0\sv_minPing\0\sv_privateClients\0\sv_privateClientsForClients\0\sv_pure\0\sv_voice\0
 20:02 InitGame: \com_maxclients\6\g_gametype\zclassic\g_randomSeed\0\gamename\PT6ZM\mapname\zm_tomb\playlist_enabled\0\playlist_entry\0\protocol\2089\scr_team_fftype\1\shortversion\1\sv_allowAimAssist\1\sv_allowAnonymous\0\sv_clientFpsLimit\200\sv_disableClientConsole\0\sv_hostname\BlackOpsPublic\sv_maxclients\6\sv_maxPing\0\sv_minPing\0\sv_privateClients\0\sv_privateClientsForClients\0\sv_pure\0\sv_voice\0\g_logTimeStampInSeconds\0
